[2025-06-24 16:23:06.231] [info] Zonation 5 v2.3
[2025-06-24 16:23:06.256] [info] Arguments given: --gui --mode=ABF 0.25 -wW C:/Users/Usuario/Desktop/JP/priorityRediscovery/setup/zonation_setup/settings_DD.z5 C:/Users/Usuario/Desktop/JP/priorityRediscovery/setup/zonation_setup/results_dd
[2025-06-24 16:23:06.268] [info] Using 8-bit quantization
[2025-06-24 16:23:06.276] [info] Using 8 threads for computation
[2025-06-24 16:23:06.278] [info] Loading project "C:/Users/Usuario/Desktop/JP/priorityRediscovery/setup/zonation_setup/settings_DD.z5"
[2025-06-24 16:23:06.285] [info] Using setting: feature list file = feature_list_DD.txt
[2025-06-24 16:23:06.290] [info] Using setting: weight groups file = weight_groups.txt
[2025-06-24 16:23:06.291] [info] Using default setting: curves output interval = 9.99999975e-05
[2025-06-24 16:23:06.301] [info] Using default setting: max iterations = 500
[2025-06-24 16:23:06.302] [info] Using default setting: mean ranking error threshold = 0.00999999978
[2025-06-24 16:23:06.313] [info] Using default setting: smoothing factor = 0
[2025-06-24 16:23:06.314] [info] Using default setting: stop on plateau = 0
[2025-06-24 16:23:06.318] [info] Using default setting: zero mode = all
[2025-06-24 16:23:06.319] [info] Using default setting: stop after preprocessing = 0
[2025-06-24 16:23:06.321] [info] Using default setting: quantization error warning threshold = 20
[2025-06-24 16:23:06.330] [info] Loading weight group information from "C:\Users\Usuario\Desktop\JP\priorityRediscovery\setup\zonation_setup\weight_groups.txt"
[2025-06-24 16:23:06.338] [info] Loading feature layer information from "C:\Users\Usuario\Desktop\JP\priorityRediscovery\setup\zonation_setup\feature_list_DD.txt"
[2025-06-24 16:23:06.790] [info] Validating project
[2025-06-24 16:23:12.290] [info] Reading layer data
[2025-06-24 16:23:12.303] [info] Gathering data statistics
[2025-06-24 16:23:22.334] [info] 1.8%
[2025-06-24 16:23:27.354] [info] 3.8%
[2025-06-24 16:23:32.368] [info] 5.9%
[2025-06-24 16:23:37.372] [info] 7.9%
[2025-06-24 16:23:42.400] [info] 10.0%
[2025-06-24 16:23:47.403] [info] 12.0%
[2025-06-24 16:23:52.432] [info] 14.1%
[2025-06-24 16:23:57.437] [info] 16.1%
[2025-06-24 16:24:02.457] [info] 18.1%
[2025-06-24 16:24:07.474] [info] 20.1%
[2025-06-24 16:24:12.493] [info] 22.1%
[2025-06-24 16:24:17.510] [info] 24.0%
[2025-06-24 16:24:22.520] [info] 26.0%
[2025-06-24 16:24:27.535] [info] 28.0%
[2025-06-24 16:24:32.548] [info] 30.0%
[2025-06-24 16:24:37.575] [info] 31.9%
[2025-06-24 16:24:42.589] [info] 33.9%
[2025-06-24 16:24:47.605] [info] 35.9%
[2025-06-24 16:24:52.613] [info] 37.8%
[2025-06-24 16:24:57.633] [info] 39.8%
[2025-06-24 16:25:02.638] [info] 41.7%
[2025-06-24 16:25:07.655] [info] 43.7%
[2025-06-24 16:25:12.679] [info] 45.6%
[2025-06-24 16:25:17.692] [info] 47.4%
[2025-06-24 16:25:22.708] [info] 49.4%
[2025-06-24 16:25:27.728] [info] 51.2%
[2025-06-24 16:25:32.739] [info] 53.1%
[2025-06-24 16:25:37.750] [info] 55.0%
[2025-06-24 16:25:42.762] [info] 56.9%
[2025-06-24 16:25:47.793] [info] 58.8%
[2025-06-24 16:25:52.811] [info] 60.6%
[2025-06-24 16:25:57.831] [info] 62.5%
[2025-06-24 16:26:02.848] [info] 64.4%
[2025-06-24 16:26:07.860] [info] 66.2%
[2025-06-24 16:26:12.887] [info] 68.2%
[2025-06-24 16:26:17.902] [info] 70.0%
[2025-06-24 16:26:22.915] [info] 71.9%
[2025-06-24 16:26:27.931] [info] 73.8%
[2025-06-24 16:26:32.941] [info] 75.7%
[2025-06-24 16:26:37.953] [info] 77.6%
[2025-06-24 16:26:42.981] [info] 79.5%
[2025-06-24 16:26:48.006] [info] 81.4%
[2025-06-24 16:26:53.018] [info] 83.3%
[2025-06-24 16:26:58.031] [info] 85.3%
[2025-06-24 16:27:03.049] [info] 87.1%
[2025-06-24 16:27:08.063] [info] 88.9%
[2025-06-24 16:27:13.085] [info] 90.4%
[2025-06-24 16:27:18.098] [info] 91.9%
[2025-06-24 16:27:23.116] [info] 93.4%
[2025-06-24 16:27:28.129] [info] 95.0%
[2025-06-24 16:27:33.148] [info] 96.5%
[2025-06-24 16:27:38.164] [info] 98.0%
[2025-06-24 16:27:43.174] [info] 99.5%
[2025-06-24 16:27:44.746] [info] Map dimensions (width * height): 7080*3096
[2025-06-24 16:27:44.748] [info] Number of grid cells in map (width * height): 21919680
[2025-06-24 16:27:44.752] [info] Number of grid cells in map with data: 2333725
[2025-06-24 16:27:44.756] [info] Input feature layer count: 3067
[2025-06-24 16:27:44.759] [info] Feature layer count: 3067
[2025-06-24 16:27:44.769] [info] Positive weight feature count: 3067
[2025-06-24 16:27:44.775] [info] Negative weight feature count: 0
[2025-06-24 16:27:44.778] [info] Zero weight feature count: 0
[2025-06-24 16:27:44.780] [info] Total number of pixels with data across features: 7157534575
[2025-06-24 16:27:44.788] [info] Reading feature layers
[2025-06-24 16:27:54.813] [info] 1.1%
[2025-06-24 16:27:59.834] [info] 2.5%
[2025-06-24 16:28:04.851] [info] 3.8%
[2025-06-24 16:28:09.862] [info] 5.1%
[2025-06-24 16:28:14.876] [info] 6.5%
[2025-06-24 16:28:19.889] [info] 7.8%
[2025-06-24 16:28:24.914] [info] 9.1%
[2025-06-24 16:28:29.924] [info] 10.4%
[2025-06-24 16:28:34.938] [info] 11.7%
[2025-06-24 16:28:39.960] [info] 13.0%
[2025-06-24 16:28:44.969] [info] 14.4%
[2025-06-24 16:28:49.995] [info] 15.7%
[2025-06-24 16:28:55.005] [info] 17.1%
[2025-06-24 16:29:00.016] [info] 18.3%
[2025-06-24 16:29:05.038] [info] 19.6%
[2025-06-24 16:29:10.054] [info] 20.8%
[2025-06-24 16:29:15.063] [info] 21.8%
[2025-06-24 16:29:20.081] [info] 23.0%
[2025-06-24 16:29:25.105] [info] 24.1%
[2025-06-24 16:29:30.111] [info] 25.3%
[2025-06-24 16:29:35.132] [info] 26.4%
[2025-06-24 16:29:40.148] [info] 27.6%
[2025-06-24 16:29:45.166] [info] 28.8%
[2025-06-24 16:29:50.184] [info] 29.9%
[2025-06-24 16:29:55.201] [info] 31.0%
[2025-06-24 16:30:00.231] [info] 32.1%
[2025-06-24 16:30:05.235] [info] 33.2%
[2025-06-24 16:30:10.256] [info] 34.3%
[2025-06-24 16:30:15.274] [info] 35.3%
[2025-06-24 16:30:20.294] [info] 36.4%
[2025-06-24 16:30:25.310] [info] 37.6%
[2025-06-24 16:30:30.326] [info] 38.7%
[2025-06-24 16:30:35.341] [info] 39.8%
[2025-06-24 16:30:40.370] [info] 40.9%
[2025-06-24 16:30:45.379] [info] 42.1%
[2025-06-24 16:30:50.394] [info] 43.2%
[2025-06-24 16:30:55.411] [info] 44.3%
[2025-06-24 16:31:00.431] [info] 45.3%
[2025-06-24 16:31:05.436] [info] 46.4%
[2025-06-24 16:31:10.451] [info] 47.5%
[2025-06-24 16:31:15.467] [info] 48.6%
[2025-06-24 16:31:20.481] [info] 49.6%
[2025-06-24 16:31:25.500] [info] 50.7%
[2025-06-24 16:31:30.515] [info] 51.8%
[2025-06-24 16:31:35.537] [info] 52.8%
[2025-06-24 16:31:40.556] [info] 53.8%
[2025-06-24 16:31:45.560] [info] 54.9%
[2025-06-24 16:31:50.588] [info] 55.9%
[2025-06-24 16:31:55.592] [info] 57.0%
[2025-06-24 16:32:00.610] [info] 58.0%
[2025-06-24 16:32:05.628] [info] 59.0%
[2025-06-24 16:32:10.645] [info] 60.0%
[2025-06-24 16:32:15.662] [info] 61.0%
[2025-06-24 16:32:20.676] [info] 62.1%
[2025-06-24 16:32:25.694] [info] 63.1%
[2025-06-24 16:32:30.711] [info] 64.1%
[2025-06-24 16:32:35.728] [info] 65.2%
[2025-06-24 16:32:40.734] [info] 66.3%
[2025-06-24 16:32:45.754] [info] 67.3%
[2025-06-24 16:32:50.771] [info] 68.4%
[2025-06-24 16:32:55.787] [info] 69.5%
[2025-06-24 16:33:00.802] [info] 70.6%
[2025-06-24 16:33:05.824] [info] 71.7%
[2025-06-24 16:33:10.856] [info] 72.8%
[2025-06-24 16:33:15.872] [info] 74.0%
[2025-06-24 16:33:20.896] [info] 75.1%
[2025-06-24 16:33:25.915] [info] 76.3%
[2025-06-24 16:33:30.922] [info] 77.5%
[2025-06-24 16:33:35.944] [info] 78.7%
[2025-06-24 16:33:40.960] [info] 79.9%
[2025-06-24 16:33:45.980] [info] 81.2%
[2025-06-24 16:33:50.993] [info] 82.4%
[2025-06-24 16:33:56.007] [info] 83.6%
[2025-06-24 16:34:01.018] [info] 84.8%
[2025-06-24 16:34:06.041] [info] 86.1%
[2025-06-24 16:34:11.048] [info] 87.4%
[2025-06-24 16:34:16.073] [info] 88.7%
[2025-06-24 16:34:21.084] [info] 90.0%
[2025-06-24 16:34:26.093] [info] 91.3%
[2025-06-24 16:34:31.118] [info] 92.6%
[2025-06-24 16:34:36.124] [info] 93.9%
[2025-06-24 16:34:41.143] [info] 95.2%
[2025-06-24 16:34:46.168] [info] 96.6%
[2025-06-24 16:34:51.172] [info] 97.9%
[2025-06-24 16:34:56.194] [info] 99.2%
[2025-06-24 16:34:59.095] [info] Mean feature extent across study area: 0.11%
[2025-06-24 16:34:59.097] [info] Memory usage of feature data: 7.67GB
[2025-06-24 16:34:59.101] [info] Mean quantization error: 0.0%
[2025-06-24 16:34:59.121] [info] Time used to read and preprocess layer data: 11m46s
[2025-06-24 16:34:59.127] [info] Computing priority rank
[2025-06-24 16:35:07.567] [info] 31.0%
[2025-06-24 16:35:12.591] [info] 62.3%
[2025-06-24 16:35:17.620] [info] 93.6%
[2025-06-24 16:35:18.722] [info] Iteration 0, mean ranking error 0.189767%, mean rank change 4.05988%
[2025-06-24 16:35:23.837] [info] 31.0%
[2025-06-24 16:35:28.845] [info] 61.8%
[2025-06-24 16:35:33.861] [info] 92.8%
[2025-06-24 16:35:35.108] [info] Iteration 1, mean ranking error 1.22678%, mean rank change 0.186772%
[2025-06-24 16:35:40.216] [info] 31.0%
[2025-06-24 16:35:45.243] [info] 61.8%
[2025-06-24 16:35:50.251] [info] 92.5%
[2025-06-24 16:35:51.543] [info] Iteration 2, mean ranking error 0.409750%, mean rank change 0.0523661%
[2025-06-24 16:35:56.645] [info] 30.9%
[2025-06-24 16:36:01.658] [info] 61.1%
[2025-06-24 16:36:06.683] [info] 92.0%
[2025-06-24 16:36:08.070] [info] Iteration 3, mean ranking error 0.209453%, mean rank change 0.0239864%
[2025-06-24 16:36:13.195] [info] 31.0%
[2025-06-24 16:36:18.215] [info] 61.6%
[2025-06-24 16:36:23.231] [info] 92.4%
[2025-06-24 16:36:24.535] [info] Iteration 4, mean ranking error 0.132052%, mean rank change 0.0139129%
[2025-06-24 16:36:29.637] [info] 31.0%
[2025-06-24 16:36:34.662] [info] 62.1%
[2025-06-24 16:36:39.675] [info] 92.9%
[2025-06-24 16:36:40.907] [info] Iteration 5, mean ranking error 0.0914702%, mean rank change 0.00912004%
[2025-06-24 16:36:46.022] [info] 31.0%
[2025-06-24 16:36:51.029] [info] 61.9%
[2025-06-24 16:36:56.053] [info] 92.8%
[2025-06-24 16:36:57.300] [info] Iteration 6, mean ranking error 0.0675084%, mean rank change 0.00642619%
[2025-06-24 16:37:02.390] [info] 30.1%
[2025-06-24 16:37:07.416] [info] 61.2%
[2025-06-24 16:37:12.435] [info] 91.8%
[2025-06-24 16:37:13.845] [info] Iteration 7, mean ranking error 0.0518972%, mean rank change 0.00476902%
[2025-06-24 16:37:18.951] [info] 30.8%
[2025-06-24 16:37:23.967] [info] 61.7%
[2025-06-24 16:37:28.986] [info] 92.6%
[2025-06-24 16:37:30.273] [info] Iteration 8, mean ranking error 0.0407312%, mean rank change 0.00353232%
[2025-06-24 16:37:35.392] [info] 30.4%
[2025-06-24 16:37:40.409] [info] 61.3%
[2025-06-24 16:37:45.432] [info] 92.2%
[2025-06-24 16:37:46.777] [info] Iteration 9, mean ranking error 0.0328676%, mean rank change 0.00271022%
[2025-06-24 16:37:51.894] [info] 31.0%
[2025-06-24 16:37:56.904] [info] 62.0%
[2025-06-24 16:38:01.923] [info] 92.0%
[2025-06-24 16:38:03.309] [info] Iteration 10, mean ranking error 0.0273977%, mean rank change 0.00221431%
[2025-06-24 16:38:08.405] [info] 31.0%
[2025-06-24 16:38:13.424] [info] 62.0%
[2025-06-24 16:38:18.449] [info] 92.7%
[2025-06-24 16:38:19.717] [info] Iteration 11, mean ranking error 0.0230479%, mean rank change 0.00184856%
[2025-06-24 16:38:24.841] [info] 31.1%
[2025-06-24 16:38:29.853] [info] 61.8%
[2025-06-24 16:38:34.868] [info] 92.6%
[2025-06-24 16:38:36.144] [info] Iteration 12, mean ranking error 0.019613%, mean rank change 0.00155321%
[2025-06-24 16:38:41.258] [info] 31.0%
[2025-06-24 16:38:46.272] [info] 61.9%
[2025-06-24 16:38:51.280] [info] 92.6%
[2025-06-24 16:38:52.548] [info] Iteration 13, mean ranking error 0.0168814%, mean rank change 0.00131589%
[2025-06-24 16:38:57.651] [info] 30.9%
[2025-06-24 16:39:02.661] [info] 61.1%
[2025-06-24 16:39:07.672] [info] 91.9%
[2025-06-24 16:39:09.062] [info] Iteration 14, mean ranking error 0.0146856%, mean rank change 0.00113317%
[2025-06-24 16:39:14.187] [info] 31.1%
[2025-06-24 16:39:19.213] [info] 62.1%
[2025-06-24 16:39:24.225] [info] 92.8%
[2025-06-24 16:39:25.543] [info] Iteration 15, mean ranking error 0.0129198%, mean rank change 0.000988110%
[2025-06-24 16:39:30.658] [info] 30.1%
[2025-06-24 16:39:35.673] [info] 61.0%
[2025-06-24 16:39:40.691] [info] 91.9%
[2025-06-24 16:39:42.075] [info] Iteration 16, mean ranking error 0.0113885%, mean rank change 0.000859927%
[2025-06-24 16:39:47.196] [info] 31.2%
[2025-06-24 16:39:52.203] [info] 62.0%
[2025-06-24 16:39:57.219] [info] 92.7%
[2025-06-24 16:39:58.474] [info] Iteration 17, mean ranking error 0.0101834%, mean rank change 0.000761478%
[2025-06-24 16:40:03.601] [info] 30.2%
[2025-06-24 16:40:08.611] [info] 61.1%
[2025-06-24 16:40:13.628] [info] 91.9%
[2025-06-24 16:40:15.012] [info] Iteration 18, mean ranking error 0.00923889%, mean rank change 0.000694774%
[2025-06-24 16:40:15.121] [info] Time used in prioritization: 5m15s
[2025-06-24 16:40:15.126] [info] Number of iterations: 19
[2025-06-24 16:40:15.130] [info] Final convergence level: 0.00923889%
[2025-06-24 16:40:15.133] [info] Area under curve: 0.942573
[2025-06-24 16:40:15.138] [info] Writing feature info
[2025-06-24 16:40:15.147] [info] Writing feature curves
[2025-06-24 16:40:22.020] [info] Writing priority rank map
[2025-06-24 16:40:22.437] [info] Total time used: 17m16s
[2025-06-24 16:40:22.444] [info] Number of errors: 0
[2025-06-24 16:40:22.450] [info] Number of warnings: 0
[2025-06-24 16:40:22.459] [info] Done
