[2025-06-19 20:40:04.403] [info] Zonation 5 v2.3
[2025-06-19 20:40:04.507] [info] Arguments given: -wWg --mode=ABF --gui settings_lost.z5 results_lost5
[2025-06-19 20:40:04.516] [info] Using 8-bit quantization
[2025-06-19 20:40:04.519] [info] Using 8 threads for computation
[2025-06-19 20:40:04.521] [info] Loading project "settings_lost.z5"
[2025-06-19 20:40:04.526] [info] Using setting: feature list file = feature_list_lost.txt
[2025-06-19 20:40:04.529] [info] Using setting: weight groups file = weight_groups.txt
[2025-06-19 20:40:04.532] [info] Using default setting: curves output interval = 9.99999975e-05
[2025-06-19 20:40:04.533] [info] Using default setting: max iterations = 500
[2025-06-19 20:40:04.534] [info] Using default setting: mean ranking error threshold = 0.00999999978
[2025-06-19 20:40:04.535] [info] Using default setting: smoothing factor = 0
[2025-06-19 20:40:04.536] [info] Using default setting: stop on plateau = 0
[2025-06-19 20:40:04.537] [info] Using default setting: zero mode = all
[2025-06-19 20:40:04.538] [info] Using default setting: stop after preprocessing = 0
[2025-06-19 20:40:04.538] [info] Using default setting: quantization error warning threshold = 20
[2025-06-19 20:40:04.539] [info] Loading weight group information from "C:\Users\Usuario\Desktop\JP\priorityRediscovery\setup\zonation_setup\weight_groups.txt"
[2025-06-19 20:40:04.545] [info] Loading feature layer information from "C:\Users\Usuario\Desktop\JP\priorityRediscovery\setup\zonation_setup\feature_list_lost.txt"
[2025-06-19 20:40:04.691] [info] Validating project
[2025-06-19 20:40:06.045] [info] Reading layer data
[2025-06-19 20:40:06.054] [info] Gathering data statistics
[2025-06-19 20:40:11.064] [info] 4.9%
[2025-06-19 20:40:16.078] [info] 11.6%
[2025-06-19 20:40:21.102] [info] 18.2%
[2025-06-19 20:40:26.109] [info] 24.9%
[2025-06-19 20:40:31.133] [info] 31.8%
[2025-06-19 20:40:36.150] [info] 38.3%
[2025-06-19 20:40:41.161] [info] 45.0%
[2025-06-19 20:40:46.182] [info] 51.7%
[2025-06-19 20:40:51.188] [info] 58.3%
[2025-06-19 20:40:56.216] [info] 64.9%
[2025-06-19 20:41:01.225] [info] 71.5%
[2025-06-19 20:41:06.248] [info] 78.1%
[2025-06-19 20:41:11.249] [info] 84.8%
[2025-06-19 20:41:16.275] [info] 91.4%
[2025-06-19 20:41:21.294] [info] 98.1%
[2025-06-19 20:41:22.710] [info] Map dimensions (width * height): 8640*3411
[2025-06-19 20:41:22.711] [info] Number of grid cells in map (width * height): 29471040
[2025-06-19 20:41:22.716] [info] Number of grid cells in map with data: 488801
[2025-06-19 20:41:22.719] [info] Input feature layer count: 783
[2025-06-19 20:41:22.722] [info] Feature layer count: 783
[2025-06-19 20:41:22.725] [info] Positive weight feature count: 779
[2025-06-19 20:41:22.728] [info] Negative weight feature count: 0
[2025-06-19 20:41:22.734] [info] Zero weight feature count: 4
[2025-06-19 20:41:22.737] [info] Total number of pixels with data across features: 382731183
[2025-06-19 20:41:22.745] [info] Reading feature layers
[2025-06-19 20:41:27.772] [info] 4.0%
[2025-06-19 20:41:32.787] [info] 9.4%
[2025-06-19 20:41:37.806] [info] 14.4%
[2025-06-19 20:41:42.812] [info] 19.7%
[2025-06-19 20:41:47.834] [info] 25.1%
[2025-06-19 20:41:52.856] [info] 30.3%
[2025-06-19 20:41:57.873] [info] 35.3%
[2025-06-19 20:42:02.883] [info] 40.1%
[2025-06-19 20:42:07.897] [info] 45.0%
[2025-06-19 20:42:12.912] [info] 49.9%
[2025-06-19 20:42:17.927] [info] 54.9%
[2025-06-19 20:42:22.947] [info] 59.8%
[2025-06-19 20:42:27.962] [info] 64.8%
[2025-06-19 20:42:32.974] [info] 69.8%
[2025-06-19 20:42:37.996] [info] 74.8%
[2025-06-19 20:42:43.000] [info] 79.8%
[2025-06-19 20:42:48.019] [info] 84.6%
[2025-06-19 20:42:53.031] [info] 89.5%
[2025-06-19 20:42:58.056] [info] 94.6%
[2025-06-19 20:43:03.075] [info] 99.6%
[2025-06-19 20:43:03.397] [info] Mean feature extent across study area: 0.15%
[2025-06-19 20:43:03.400] [info] Memory usage of feature data: 713.60MB
[2025-06-19 20:43:03.405] [info] Mean quantization error: 0.0%
[2025-06-19 20:43:03.417] [info] Time used to read and preprocess layer data: 2m57s
[2025-06-19 20:43:03.424] [info] Computing priority rank
[2025-06-19 20:43:04.323] [info] Iteration 0, mean ranking error 0.143307%, mean rank change 4.71318%
[2025-06-19 20:43:05.137] [info] Iteration 1, mean ranking error 0.154708%, mean rank change 0.0140942%
[2025-06-19 20:43:05.929] [info] Iteration 2, mean ranking error 0.0659669%, mean rank change 0.00536385%
[2025-06-19 20:43:06.743] [info] Iteration 3, mean ranking error 0.0456461%, mean rank change 0.00338808%
[2025-06-19 20:43:07.547] [info] Iteration 4, mean ranking error 0.0364575%, mean rank change 0.00258377%
[2025-06-19 20:43:08.360] [info] Iteration 5, mean ranking error 0.0304895%, mean rank change 0.00223544%
[2025-06-19 20:43:09.166] [info] Iteration 6, mean ranking error 0.0256971%, mean rank change 0.00197256%
[2025-06-19 20:43:09.965] [info] Iteration 7, mean ranking error 0.0217546%, mean rank change 0.00169678%
[2025-06-19 20:43:10.775] [info] Iteration 8, mean ranking error 0.0182661%, mean rank change 0.00142412%
[2025-06-19 20:43:11.574] [info] Iteration 9, mean ranking error 0.0151882%, mean rank change 0.00116740%
[2025-06-19 20:43:12.406] [info] Iteration 10, mean ranking error 0.0124802%, mean rank change 0.000937481%
[2025-06-19 20:43:13.209] [info] Iteration 11, mean ranking error 0.0102275%, mean rank change 0.000742066%
[2025-06-19 20:43:14.017] [info] Iteration 12, mean ranking error 0.00837955%, mean rank change 0.000571338%
[2025-06-19 20:43:14.102] [info] Time used in prioritization: 10s
[2025-06-19 20:43:14.107] [info] Number of iterations: 13
[2025-06-19 20:43:14.121] [info] Final convergence level: 0.00837955%
[2025-06-19 20:43:14.128] [info] Area under curve: 0.961819
[2025-06-19 20:43:14.143] [info] Writing feature info
[2025-06-19 20:43:14.148] [info] Writing feature curves
[2025-06-19 20:43:16.032] [info] Writing priority rank map
[2025-06-19 20:43:16.244] [info] Total time used: 3m11s
[2025-06-19 20:43:16.247] [info] Number of errors: 0
[2025-06-19 20:43:16.253] [info] Number of warnings: 0
[2025-06-19 20:43:16.258] [info] Done
