[2025-06-20 00:51:02.410] [info] Zonation 5 v2.3
[2025-06-20 00:51:02.502] [info] Arguments given: -wWg --mode=ABF --gui settings_DD.z5 results_dd5
[2025-06-20 00:51:02.512] [info] Using 8-bit quantization
[2025-06-20 00:51:02.515] [info] Using 8 threads for computation
[2025-06-20 00:51:02.517] [info] Loading project "settings_DD.z5"
[2025-06-20 00:51:02.520] [info] Using setting: feature list file = feature_list_DD.txt
[2025-06-20 00:51:02.522] [info] Using setting: weight groups file = weight_groups.txt
[2025-06-20 00:51:02.525] [info] Using default setting: curves output interval = 9.99999975e-05
[2025-06-20 00:51:02.526] [info] Using default setting: max iterations = 500
[2025-06-20 00:51:02.527] [info] Using default setting: mean ranking error threshold = 0.00999999978
[2025-06-20 00:51:02.528] [info] Using default setting: smoothing factor = 0
[2025-06-20 00:51:02.529] [info] Using default setting: stop on plateau = 0
[2025-06-20 00:51:02.530] [info] Using default setting: zero mode = all
[2025-06-20 00:51:02.530] [info] Using default setting: stop after preprocessing = 0
[2025-06-20 00:51:02.533] [info] Using default setting: quantization error warning threshold = 20
[2025-06-20 00:51:02.534] [info] Loading weight group information from "C:\Users\Usuario\Desktop\JP\priorityRediscovery\setup\zonation_setup\weight_groups.txt"
[2025-06-20 00:51:02.540] [info] Loading feature layer information from "C:\Users\Usuario\Desktop\JP\priorityRediscovery\setup\zonation_setup\feature_list_DD.txt"
[2025-06-20 00:51:03.032] [info] Validating project
[2025-06-20 00:51:09.003] [info] Reading layer data
[2025-06-20 00:51:09.012] [info] Gathering data statistics
[2025-06-20 00:51:19.043] [info] 1.2%
[2025-06-20 00:51:24.054] [info] 2.8%
[2025-06-20 00:51:29.077] [info] 4.3%
[2025-06-20 00:51:34.093] [info] 5.8%
[2025-06-20 00:51:39.113] [info] 7.3%
[2025-06-20 00:51:44.129] [info] 8.9%
[2025-06-20 00:51:49.145] [info] 10.4%
[2025-06-20 00:51:54.167] [info] 11.9%
[2025-06-20 00:51:59.172] [info] 13.4%
[2025-06-20 00:52:04.193] [info] 14.9%
[2025-06-20 00:52:09.217] [info] 16.5%
[2025-06-20 00:52:14.224] [info] 18.0%
[2025-06-20 00:52:19.244] [info] 19.5%
[2025-06-20 00:52:24.252] [info] 21.0%
[2025-06-20 00:52:29.280] [info] 22.5%
[2025-06-20 00:52:34.309] [info] 24.0%
[2025-06-20 00:52:39.323] [info] 25.5%
[2025-06-20 00:52:44.334] [info] 26.9%
[2025-06-20 00:52:49.346] [info] 28.0%
[2025-06-20 00:52:54.368] [info] 29.2%
[2025-06-20 00:52:59.380] [info] 30.7%
[2025-06-20 00:53:04.403] [info] 32.2%
[2025-06-20 00:53:09.405] [info] 33.7%
[2025-06-20 00:53:14.422] [info] 35.1%
[2025-06-20 00:53:19.449] [info] 36.6%
[2025-06-20 00:53:24.453] [info] 38.1%
[2025-06-20 00:53:29.468] [info] 39.5%
[2025-06-20 00:53:34.486] [info] 41.0%
[2025-06-20 00:53:39.511] [info] 42.4%
[2025-06-20 00:53:44.528] [info] 43.9%
[2025-06-20 00:53:49.546] [info] 45.3%
[2025-06-20 00:53:54.556] [info] 46.8%
[2025-06-20 00:53:59.569] [info] 48.2%
[2025-06-20 00:54:04.591] [info] 49.6%
[2025-06-20 00:54:09.600] [info] 51.1%
[2025-06-20 00:54:14.611] [info] 52.5%
[2025-06-20 00:54:19.639] [info] 54.0%
[2025-06-20 00:54:24.658] [info] 55.4%
[2025-06-20 00:54:29.680] [info] 56.9%
[2025-06-20 00:54:34.687] [info] 58.3%
[2025-06-20 00:54:39.713] [info] 59.8%
[2025-06-20 00:54:44.724] [info] 61.2%
[2025-06-20 00:54:49.735] [info] 62.7%
[2025-06-20 00:54:54.761] [info] 64.1%
[2025-06-20 00:54:59.777] [info] 65.6%
[2025-06-20 00:55:04.794] [info] 66.9%
[2025-06-20 00:55:09.799] [info] 68.4%
[2025-06-20 00:55:14.823] [info] 69.8%
[2025-06-20 00:55:19.841] [info] 71.3%
[2025-06-20 00:55:24.855] [info] 72.7%
[2025-06-20 00:55:29.877] [info] 74.1%
[2025-06-20 00:55:34.900] [info] 75.6%
[2025-06-20 00:55:39.919] [info] 77.0%
[2025-06-20 00:55:44.932] [info] 78.4%
[2025-06-20 00:55:49.940] [info] 79.9%
[2025-06-20 00:55:54.962] [info] 81.4%
[2025-06-20 00:55:59.973] [info] 82.8%
[2025-06-20 00:56:04.992] [info] 84.3%
[2025-06-20 00:56:10.012] [info] 85.7%
[2025-06-20 00:56:15.045] [info] 87.2%
[2025-06-20 00:56:20.066] [info] 88.7%
[2025-06-20 00:56:25.088] [info] 90.1%
[2025-06-20 00:56:30.100] [info] 91.6%
[2025-06-20 00:56:35.117] [info] 93.1%
[2025-06-20 00:56:40.134] [info] 94.5%
[2025-06-20 00:56:45.145] [info] 96.0%
[2025-06-20 00:56:50.161] [info] 97.5%
[2025-06-20 00:56:55.183] [info] 99.0%
[2025-06-20 00:56:58.650] [info] Map dimensions (width * height): 8640*3411
[2025-06-20 00:56:58.652] [info] Number of grid cells in map (width * height): 29471040
[2025-06-20 00:56:58.658] [info] Number of grid cells in map with data: 2965351
[2025-06-20 00:56:58.662] [info] Input feature layer count: 3067
[2025-06-20 00:56:58.666] [info] Feature layer count: 3067
[2025-06-20 00:56:58.681] [info] Positive weight feature count: 3046
[2025-06-20 00:56:58.685] [info] Negative weight feature count: 0
[2025-06-20 00:56:58.689] [info] Zero weight feature count: 21
[2025-06-20 00:56:58.703] [info] Total number of pixels with data across features: 9094731517
[2025-06-20 00:56:58.714] [info] Reading feature layers
[2025-06-20 00:57:08.738] [info] 1.0%
[2025-06-20 00:57:13.760] [info] 2.2%
[2025-06-20 00:57:18.765] [info] 3.5%
[2025-06-20 00:57:23.794] [info] 4.7%
[2025-06-20 00:57:28.816] [info] 5.9%
[2025-06-20 00:57:33.838] [info] 7.2%
[2025-06-20 00:57:38.854] [info] 8.4%
[2025-06-20 00:57:43.867] [info] 9.6%
[2025-06-20 00:57:48.880] [info] 10.8%
[2025-06-20 00:57:53.891] [info] 12.0%
[2025-06-20 00:57:58.908] [info] 13.2%
[2025-06-20 00:58:03.932] [info] 14.4%
[2025-06-20 00:58:08.944] [info] 15.7%
[2025-06-20 00:58:13.960] [info] 16.9%
[2025-06-20 00:58:18.980] [info] 18.1%
[2025-06-20 00:58:23.985] [info] 19.3%
[2025-06-20 00:58:29.001] [info] 20.6%
[2025-06-20 00:58:34.022] [info] 21.8%
[2025-06-20 00:58:39.039] [info] 23.0%
[2025-06-20 00:58:44.056] [info] 24.1%
[2025-06-20 00:58:49.065] [info] 25.2%
[2025-06-20 00:58:54.086] [info] 26.2%
[2025-06-20 00:58:59.102] [info] 27.2%
[2025-06-20 00:59:04.123] [info] 28.2%
[2025-06-20 00:59:09.151] [info] 29.2%
[2025-06-20 00:59:14.163] [info] 30.3%
[2025-06-20 00:59:19.182] [info] 31.3%
[2025-06-20 00:59:24.194] [info] 32.4%
[2025-06-20 00:59:29.208] [info] 33.4%
[2025-06-20 00:59:34.221] [info] 34.4%
[2025-06-20 00:59:39.241] [info] 35.4%
[2025-06-20 00:59:44.252] [info] 36.5%
[2025-06-20 00:59:49.266] [info] 37.4%
[2025-06-20 00:59:54.286] [info] 38.4%
[2025-06-20 00:59:59.301] [info] 39.4%
[2025-06-20 01:00:04.314] [info] 40.4%
[2025-06-20 01:00:09.333] [info] 41.5%
[2025-06-20 01:00:14.358] [info] 42.5%
[2025-06-20 01:00:19.386] [info] 43.5%
[2025-06-20 01:00:24.395] [info] 44.5%
[2025-06-20 01:00:29.405] [info] 45.6%
[2025-06-20 01:00:34.434] [info] 46.7%
[2025-06-20 01:00:39.451] [info] 47.7%
[2025-06-20 01:00:44.471] [info] 48.6%
[2025-06-20 01:00:49.487] [info] 49.6%
[2025-06-20 01:00:54.513] [info] 50.7%
[2025-06-20 01:00:59.527] [info] 51.7%
[2025-06-20 01:01:04.535] [info] 52.7%
[2025-06-20 01:01:09.559] [info] 53.6%
[2025-06-20 01:01:14.571] [info] 54.6%
[2025-06-20 01:01:19.579] [info] 55.6%
[2025-06-20 01:01:24.599] [info] 56.6%
[2025-06-20 01:01:29.621] [info] 57.5%
[2025-06-20 01:01:34.627] [info] 58.5%
[2025-06-20 01:01:39.651] [info] 59.4%
[2025-06-20 01:01:44.659] [info] 60.4%
[2025-06-20 01:01:49.680] [info] 61.3%
[2025-06-20 01:01:54.693] [info] 62.3%
[2025-06-20 01:01:59.717] [info] 63.2%
[2025-06-20 01:02:04.743] [info] 64.2%
[2025-06-20 01:02:09.760] [info] 65.1%
[2025-06-20 01:02:14.769] [info] 66.1%
[2025-06-20 01:02:19.789] [info] 67.1%
[2025-06-20 01:02:24.800] [info] 68.1%
[2025-06-20 01:02:29.812] [info] 69.1%
[2025-06-20 01:02:34.829] [info] 70.1%
[2025-06-20 01:02:39.845] [info] 71.1%
[2025-06-20 01:02:44.862] [info] 72.1%
[2025-06-20 01:02:49.888] [info] 73.1%
[2025-06-20 01:02:54.915] [info] 74.2%
[2025-06-20 01:02:59.923] [info] 75.3%
[2025-06-20 01:03:04.949] [info] 76.3%
[2025-06-20 01:03:09.964] [info] 77.5%
[2025-06-20 01:03:14.981] [info] 78.6%
[2025-06-20 01:03:19.992] [info] 79.7%
[2025-06-20 01:03:25.007] [info] 80.8%
[2025-06-20 01:03:30.018] [info] 81.9%
[2025-06-20 01:03:35.031] [info] 83.0%
[2025-06-20 01:03:40.056] [info] 84.2%
[2025-06-20 01:03:45.072] [info] 85.3%
[2025-06-20 01:03:50.083] [info] 86.5%
[2025-06-20 01:03:55.098] [info] 87.7%
[2025-06-20 01:04:00.119] [info] 88.9%
[2025-06-20 01:04:05.126] [info] 90.1%
[2025-06-20 01:04:10.147] [info] 91.3%
[2025-06-20 01:04:15.155] [info] 92.5%
[2025-06-20 01:04:20.182] [info] 93.7%
[2025-06-20 01:04:25.192] [info] 94.8%
[2025-06-20 01:04:30.216] [info] 96.1%
[2025-06-20 01:04:35.243] [info] 97.3%
[2025-06-20 01:04:40.249] [info] 98.5%
[2025-06-20 01:04:45.270] [info] 99.7%
[2025-06-20 01:04:46.285] [info] Mean feature extent across study area: 0.10%
[2025-06-20 01:04:46.287] [info] Memory usage of feature data: 9.81GB
[2025-06-20 01:04:46.292] [info] Mean quantization error: 0.0%
[2025-06-20 01:04:46.314] [info] Time used to read and preprocess layer data: 13m37s
[2025-06-20 01:04:46.327] [info] Computing priority rank
[2025-06-20 01:04:55.274] [info] 22.0%
[2025-06-20 01:05:00.288] [info] 44.2%
[2025-06-20 01:05:05.309] [info] 66.3%
[2025-06-20 01:05:10.320] [info] 88.8%
[2025-06-20 01:05:12.921] [info] Iteration 0, mean ranking error 0.151871%, mean rank change 3.42347%
[2025-06-20 01:05:18.085] [info] 22.4%
[2025-06-20 01:05:23.103] [info] 44.8%
[2025-06-20 01:05:28.114] [info] 67.1%
[2025-06-20 01:05:33.125] [info] 89.2%
[2025-06-20 01:05:35.661] [info] Iteration 1, mean ranking error 1.11747%, mean rank change 0.157546%
[2025-06-20 01:05:40.815] [info] 22.4%
[2025-06-20 01:05:45.836] [info] 44.5%
[2025-06-20 01:05:50.847] [info] 65.7%
[2025-06-20 01:05:55.863] [info] 87.9%
[2025-06-20 01:05:58.697] [info] Iteration 2, mean ranking error 0.379593%, mean rank change 0.045923%
[2025-06-20 01:06:03.872] [info] 21.3%
[2025-06-20 01:06:08.899] [info] 42.9%
[2025-06-20 01:06:13.918] [info] 65.1%
[2025-06-20 01:06:18.928] [info] 87.2%
[2025-06-20 01:06:21.910] [info] Iteration 3, mean ranking error 0.203390%, mean rank change 0.0226738%
[2025-06-20 01:06:27.071] [info] 22.3%
[2025-06-20 01:06:32.081] [info] 44.7%
[2025-06-20 01:06:37.105] [info] 67.0%
[2025-06-20 01:06:42.118] [info] 88.9%
[2025-06-20 01:06:44.817] [info] Iteration 4, mean ranking error 0.130299%, mean rank change 0.013742%
[2025-06-20 01:06:49.987] [info] 21.4%
[2025-06-20 01:06:55.005] [info] 43.6%
[2025-06-20 01:07:00.015] [info] 65.7%
[2025-06-20 01:07:05.033] [info] 87.4%
[2025-06-20 01:07:07.998] [info] Iteration 5, mean ranking error 0.0930665%, mean rank change 0.00933935%
[2025-06-20 01:07:13.179] [info] 22.3%
[2025-06-20 01:07:18.194] [info] 44.4%
[2025-06-20 01:07:23.213] [info] 66.7%
[2025-06-20 01:07:28.226] [info] 89.1%
[2025-06-20 01:07:30.783] [info] Iteration 6, mean ranking error 0.0699366%, mean rank change 0.00684367%
[2025-06-20 01:07:35.951] [info] 22.3%
[2025-06-20 01:07:40.958] [info] 44.5%
[2025-06-20 01:07:45.977] [info] 66.8%
[2025-06-20 01:07:50.990] [info] 88.5%
[2025-06-20 01:07:53.840] [info] Iteration 7, mean ranking error 0.0548901%, mean rank change 0.00524859%
[2025-06-20 01:07:59.010] [info] 22.1%
[2025-06-20 01:08:04.018] [info] 44.0%
[2025-06-20 01:08:09.043] [info] 65.9%
[2025-06-20 01:08:14.061] [info] 88.1%
[2025-06-20 01:08:16.843] [info] Iteration 8, mean ranking error 0.0441135%, mean rank change 0.00417666%
[2025-06-20 01:08:22.027] [info] 22.2%
[2025-06-20 01:08:27.036] [info] 44.6%
[2025-06-20 01:08:32.060] [info] 66.9%
[2025-06-20 01:08:37.079] [info] 89.1%
[2025-06-20 01:08:39.657] [info] Iteration 9, mean ranking error 0.0358653%, mean rank change 0.00333115%
[2025-06-20 01:08:44.833] [info] 22.4%
[2025-06-20 01:08:49.858] [info] 44.7%
[2025-06-20 01:08:54.884] [info] 66.9%
[2025-06-20 01:08:59.902] [info] 89.1%
[2025-06-20 01:09:02.589] [info] Iteration 10, mean ranking error 0.0293604%, mean rank change 0.00262431%
[2025-06-20 01:09:07.749] [info] 22.3%
[2025-06-20 01:09:12.768] [info] 44.5%
[2025-06-20 01:09:17.783] [info] 66.8%
[2025-06-20 01:09:22.799] [info] 89.0%
[2025-06-20 01:09:25.376] [info] Iteration 11, mean ranking error 0.0244147%, mean rank change 0.00212071%
[2025-06-20 01:09:30.532] [info] 22.4%
[2025-06-20 01:09:35.547] [info] 44.8%
[2025-06-20 01:09:40.573] [info] 67.0%
[2025-06-20 01:09:45.591] [info] 89.3%
[2025-06-20 01:09:48.091] [info] Iteration 12, mean ranking error 0.0207227%, mean rank change 0.00174658%
[2025-06-20 01:09:53.262] [info] 22.5%
[2025-06-20 01:09:58.275] [info] 44.7%
[2025-06-20 01:10:03.290] [info] 66.5%
[2025-06-20 01:10:08.308] [info] 88.7%
[2025-06-20 01:10:10.951] [info] Iteration 13, mean ranking error 0.0178018%, mean rank change 0.00147390%
[2025-06-20 01:10:16.110] [info] 21.9%
[2025-06-20 01:10:21.128] [info] 43.3%
[2025-06-20 01:10:26.145] [info] 65.6%
[2025-06-20 01:10:31.171] [info] 88.0%
[2025-06-20 01:10:33.990] [info] Iteration 14, mean ranking error 0.0154539%, mean rank change 0.00126608%
[2025-06-20 01:10:39.165] [info] 22.3%
[2025-06-20 01:10:44.177] [info] 44.6%
[2025-06-20 01:10:49.192] [info] 66.9%
[2025-06-20 01:10:54.217] [info] 89.1%
[2025-06-20 01:10:56.782] [info] Iteration 15, mean ranking error 0.0135016%, mean rank change 0.00109809%
[2025-06-20 01:11:01.940] [info] 21.9%
[2025-06-20 01:11:06.962] [info] 44.0%
[2025-06-20 01:11:11.976] [info] 66.3%
[2025-06-20 01:11:16.997] [info] 88.5%
[2025-06-20 01:11:19.694] [info] Iteration 16, mean ranking error 0.0118656%, mean rank change 0.000958170%
[2025-06-20 01:11:24.853] [info] 22.4%
[2025-06-20 01:11:29.868] [info] 44.7%
[2025-06-20 01:11:34.886] [info] 66.9%
[2025-06-20 01:11:39.904] [info] 89.0%
[2025-06-20 01:11:42.483] [info] Iteration 17, mean ranking error 0.0105221%, mean rank change 0.000840202%
[2025-06-20 01:11:47.642] [info] 22.5%
[2025-06-20 01:11:52.660] [info] 44.9%
[2025-06-20 01:11:57.675] [info] 67.2%
[2025-06-20 01:12:02.690] [info] 89.0%
[2025-06-20 01:12:05.258] [info] Iteration 18, mean ranking error 0.00940754%, mean rank change 0.000746065%
[2025-06-20 01:12:05.407] [info] Time used in prioritization: 7m19s
[2025-06-20 01:12:05.410] [info] Number of iterations: 19
[2025-06-20 01:12:05.420] [info] Final convergence level: 0.00940754%
[2025-06-20 01:12:05.435] [info] Area under curve: 0.938401
[2025-06-20 01:12:05.452] [info] Writing feature info
[2025-06-20 01:12:05.464] [info] Writing feature curves
[2025-06-20 01:12:12.723] [info] Writing priority rank map
[2025-06-20 01:12:13.078] [info] Total time used: 21m10s
[2025-06-20 01:12:13.082] [info] Number of errors: 0
[2025-06-20 01:12:13.096] [info] Number of warnings: 0
[2025-06-20 01:12:13.108] [info] Done
