[2025-06-24 00:01:21.282] [info] Zonation 5 v2.3
[2025-06-24 00:01:21.388] [info] Arguments given: -wWg --mode=ABF --gui settings_lost.z5 results_lost5
[2025-06-24 00:01:21.402] [info] Using 8-bit quantization
[2025-06-24 00:01:21.404] [info] Using 8 threads for computation
[2025-06-24 00:01:21.405] [info] Loading project "settings_lost.z5"
[2025-06-24 00:01:21.408] [info] Using setting: feature list file = feature_list_lost.txt
[2025-06-24 00:01:21.411] [info] Using setting: weight groups file = weight_groups.txt
[2025-06-24 00:01:21.414] [info] Using default setting: curves output interval = 9.99999975e-05
[2025-06-24 00:01:21.415] [info] Using default setting: max iterations = 500
[2025-06-24 00:01:21.416] [info] Using default setting: mean ranking error threshold = 0.00999999978
[2025-06-24 00:01:21.418] [info] Using default setting: smoothing factor = 0
[2025-06-24 00:01:21.419] [info] Using default setting: stop on plateau = 0
[2025-06-24 00:01:21.420] [info] Using default setting: zero mode = all
[2025-06-24 00:01:21.421] [info] Using default setting: stop after preprocessing = 0
[2025-06-24 00:01:21.422] [info] Using default setting: quantization error warning threshold = 20
[2025-06-24 00:01:21.423] [info] Loading weight group information from "C:\Users\Usuario\Desktop\JP\priorityRediscovery\setup\zonation_setup\weight_groups.txt"
[2025-06-24 00:01:21.429] [info] Loading feature layer information from "C:\Users\Usuario\Desktop\JP\priorityRediscovery\setup\zonation_setup\feature_list_lost.txt"
[2025-06-24 00:01:21.561] [info] Validating project
[2025-06-24 00:01:22.801] [info] Reading layer data
[2025-06-24 00:01:22.810] [info] Gathering data statistics
[2025-06-24 00:01:27.819] [info] 5.2%
[2025-06-24 00:01:32.837] [info] 12.0%
[2025-06-24 00:01:37.849] [info] 18.9%
[2025-06-24 00:01:42.863] [info] 25.7%
[2025-06-24 00:01:47.884] [info] 32.6%
[2025-06-24 00:01:52.905] [info] 39.5%
[2025-06-24 00:01:57.916] [info] 46.1%
[2025-06-24 00:02:02.930] [info] 52.7%
[2025-06-24 00:02:07.952] [info] 59.6%
[2025-06-24 00:02:12.961] [info] 66.4%
[2025-06-24 00:02:17.982] [info] 73.2%
[2025-06-24 00:02:22.988] [info] 79.9%
[2025-06-24 00:02:28.014] [info] 86.7%
[2025-06-24 00:02:33.021] [info] 93.4%
[2025-06-24 00:02:37.908] [info] Map dimensions (width * height): 8640*3411
[2025-06-24 00:02:37.909] [info] Number of grid cells in map (width * height): 29471040
[2025-06-24 00:02:37.914] [info] Number of grid cells in map with data: 488801
[2025-06-24 00:02:37.917] [info] Input feature layer count: 783
[2025-06-24 00:02:37.919] [info] Feature layer count: 783
[2025-06-24 00:02:37.922] [info] Positive weight feature count: 783
[2025-06-24 00:02:37.925] [info] Negative weight feature count: 0
[2025-06-24 00:02:37.927] [info] Zero weight feature count: 0
[2025-06-24 00:02:37.930] [info] Total number of pixels with data across features: 382731183
[2025-06-24 00:02:37.936] [info] Reading feature layers
[2025-06-24 00:02:42.964] [info] 4.1%
[2025-06-24 00:02:47.974] [info] 9.5%
[2025-06-24 00:02:52.998] [info] 14.6%
[2025-06-24 00:02:58.006] [info] 20.1%
[2025-06-24 00:03:03.021] [info] 25.3%
[2025-06-24 00:03:08.033] [info] 30.7%
[2025-06-24 00:03:13.052] [info] 35.8%
[2025-06-24 00:03:18.073] [info] 40.8%
[2025-06-24 00:03:23.093] [info] 45.7%
[2025-06-24 00:03:28.107] [info] 50.7%
[2025-06-24 00:03:33.111] [info] 55.8%
[2025-06-24 00:03:38.127] [info] 60.3%
[2025-06-24 00:03:43.143] [info] 64.6%
[2025-06-24 00:03:48.160] [info] 69.0%
[2025-06-24 00:03:53.183] [info] 73.5%
[2025-06-24 00:03:58.215] [info] 77.8%
[2025-06-24 00:04:03.235] [info] 81.9%
[2025-06-24 00:04:08.238] [info] 86.0%
[2025-06-24 00:04:13.263] [info] 90.4%
[2025-06-24 00:04:18.275] [info] 94.8%
[2025-06-24 00:04:23.292] [info] 99.1%
[2025-06-24 00:04:24.204] [info] Mean feature extent across study area: 0.15%
[2025-06-24 00:04:24.207] [info] Memory usage of feature data: 713.60MB
[2025-06-24 00:04:24.212] [info] Mean quantization error: 0.0%
[2025-06-24 00:04:24.226] [info] Time used to read and preprocess layer data: 3m1s
[2025-06-24 00:04:24.229] [info] Computing priority rank
[2025-06-24 00:04:25.154] [info] Iteration 0, mean ranking error 0.142401%, mean rank change 5.14452%
[2025-06-24 00:04:25.987] [info] Iteration 1, mean ranking error 0.159507%, mean rank change 0.0160682%
[2025-06-24 00:04:26.822] [info] Iteration 2, mean ranking error 0.0853576%, mean rank change 0.00843070%
[2025-06-24 00:04:27.672] [info] Iteration 3, mean ranking error 0.0714278%, mean rank change 0.00718440%
[2025-06-24 00:04:28.549] [info] Iteration 4, mean ranking error 0.063493%, mean rank change 0.00654777%
[2025-06-24 00:04:29.427] [info] Iteration 5, mean ranking error 0.0575348%, mean rank change 0.00603409%
[2025-06-24 00:04:30.284] [info] Iteration 6, mean ranking error 0.0525858%, mean rank change 0.00555078%
[2025-06-24 00:04:31.133] [info] Iteration 7, mean ranking error 0.0480462%, mean rank change 0.00511979%
[2025-06-24 00:04:31.981] [info] Iteration 8, mean ranking error 0.043755%, mean rank change 0.00469442%
[2025-06-24 00:04:32.832] [info] Iteration 9, mean ranking error 0.0398789%, mean rank change 0.00431871%
[2025-06-24 00:04:33.692] [info] Iteration 10, mean ranking error 0.0364441%, mean rank change 0.00398419%
[2025-06-24 00:04:34.535] [info] Iteration 11, mean ranking error 0.0334229%, mean rank change 0.00369010%
[2025-06-24 00:04:35.409] [info] Iteration 12, mean ranking error 0.0307831%, mean rank change 0.00342512%
[2025-06-24 00:04:36.260] [info] Iteration 13, mean ranking error 0.0284341%, mean rank change 0.00318469%
[2025-06-24 00:04:37.074] [info] Iteration 14, mean ranking error 0.0263062%, mean rank change 0.00296438%
[2025-06-24 00:04:37.880] [info] Iteration 15, mean ranking error 0.0243795%, mean rank change 0.00276181%
[2025-06-24 00:04:38.672] [info] Iteration 16, mean ranking error 0.0225266%, mean rank change 0.00257203%
[2025-06-24 00:04:39.460] [info] Iteration 17, mean ranking error 0.0208171%, mean rank change 0.00239572%
[2025-06-24 00:04:40.263] [info] Iteration 18, mean ranking error 0.0192838%, mean rank change 0.00222859%
[2025-06-24 00:04:41.076] [info] Iteration 19, mean ranking error 0.0177566%, mean rank change 0.00206151%
[2025-06-24 00:04:41.880] [info] Iteration 20, mean ranking error 0.0162601%, mean rank change 0.00188959%
[2025-06-24 00:04:42.668] [info] Iteration 21, mean ranking error 0.0148373%, mean rank change 0.00172556%
[2025-06-24 00:04:43.495] [info] Iteration 22, mean ranking error 0.0135040%, mean rank change 0.00157123%
[2025-06-24 00:04:44.374] [info] Iteration 23, mean ranking error 0.0122311%, mean rank change 0.00142642%
[2025-06-24 00:04:45.226] [info] Iteration 24, mean ranking error 0.0110982%, mean rank change 0.00129231%
[2025-06-24 00:04:46.080] [info] Iteration 25, mean ranking error 0.0100088%, mean rank change 0.00117014%
[2025-06-24 00:04:46.932] [info] Iteration 26, mean ranking error 0.00908453%, mean rank change 0.00106080%
[2025-06-24 00:04:47.038] [info] Time used in prioritization: 22s
[2025-06-24 00:04:47.043] [info] Number of iterations: 27
[2025-06-24 00:04:47.055] [info] Final convergence level: 0.00908453%
[2025-06-24 00:04:47.062] [info] Area under curve: 0.962783
[2025-06-24 00:04:47.076] [info] Writing feature info
[2025-06-24 00:04:47.080] [info] Writing feature curves
[2025-06-24 00:04:48.968] [info] Writing priority rank map
[2025-06-24 00:04:49.187] [info] Total time used: 3m27s
[2025-06-24 00:04:49.189] [info] Number of errors: 0
[2025-06-24 00:04:49.195] [info] Number of warnings: 0
[2025-06-24 00:04:49.199] [info] Done
